  main.cpp
D:\Snowblaze Entertainment\RayTracer\RayTracer\vec3.h(53,13): warning C4244: 'initializing': conversion from 'double' to 'float', possible loss of data
D:\Snowblaze Entertainment\RayTracer\RayTracer\vec3.h(146,13): warning C4244: 'initializing': conversion from 'double' to 'float', possible loss of data
D:\Snowblaze Entertainment\RayTracer\RayTracer\hitable_list.h(26,36): warning C4244: 'argument': conversion from 'double' to 'float', possible loss of data
D:\Snowblaze Entertainment\RayTracer\RayTracer\camera.h(15,54): warning C4244: 'argument': conversion from 'double' to 'float', possible loss of data
D:\Snowblaze Entertainment\RayTracer\RayTracer\camera.h(15,37): warning C4244: 'argument': conversion from 'double' to 'float', possible loss of data
D:\Snowblaze Entertainment\RayTracer\RayTracer\camera.h(27,32): warning C4244: '=': conversion from 'double' to 'float', possible loss of data
D:\Snowblaze Entertainment\RayTracer\RayTracer\camera.h(28,21): warning C4244: 'initializing': conversion from 'double' to 'float', possible loss of data
D:\Snowblaze Entertainment\RayTracer\RayTracer\camera.h(29,27): warning C4244: 'initializing': conversion from 'double' to 'float', possible loss of data
D:\Snowblaze Entertainment\RayTracer\RayTracer\camera.h(36,39): warning C4244: 'argument': conversion from 'double' to 'const float', possible loss of data
D:\Snowblaze Entertainment\RayTracer\RayTracer\camera.h(37,38): warning C4244: 'argument': conversion from 'double' to 'const float', possible loss of data
D:\Snowblaze Entertainment\RayTracer\RayTracer\camera.h(43,20): warning C4244: 'initializing': conversion from 'double' to 'float', possible loss of data
D:\Snowblaze Entertainment\RayTracer\RayTracer\material.h(9,14): warning C4244: 'initializing': conversion from 'double' to 'float', possible loss of data
D:\Snowblaze Entertainment\RayTracer\RayTracer\material.h(11,15): warning C4244: 'return': conversion from 'double' to 'float', possible loss of data
D:\Snowblaze Entertainment\RayTracer\RayTracer\material.h(18,24): warning C4244: 'initializing': conversion from 'double' to 'float', possible loss of data
D:\Snowblaze Entertainment\RayTracer\RayTracer\material.h(40,71): warning C4244: 'argument': conversion from 'double' to 'float', possible loss of data
D:\Snowblaze Entertainment\RayTracer\RayTracer\material.h(40,54): warning C4244: 'argument': conversion from 'double' to 'float', possible loss of data
D:\Snowblaze Entertainment\RayTracer\RayTracer\material.h(40,37): warning C4244: 'argument': conversion from 'double' to 'float', possible loss of data
D:\Snowblaze Entertainment\RayTracer\RayTracer\material.h(109,30): warning C4244: '=': conversion from 'double' to 'float', possible loss of data
D:\Snowblaze Entertainment\RayTracer\RayTracer\main.cpp(16,8): warning C4305: 'argument': truncation from 'double' to 'float'
D:\Snowblaze Entertainment\RayTracer\RayTracer\main.cpp(32,17): warning C4244: 'initializing': conversion from 'double' to 'float', possible loss of data
D:\Snowblaze Entertainment\RayTracer\RayTracer\main.cpp(33,21): warning C4244: 'argument': conversion from 'double' to 'const float', possible loss of data
D:\Snowblaze Entertainment\RayTracer\RayTracer\main.cpp(33,72): warning C4305: 'argument': truncation from 'double' to 'float'
D:\Snowblaze Entertainment\RayTracer\RayTracer\main.cpp(41,83): warning C4305: 'argument': truncation from 'double' to 'float'
D:\Snowblaze Entertainment\RayTracer\RayTracer\main.cpp(41,126): warning C4305: 'argument': truncation from 'double' to 'float'
D:\Snowblaze Entertainment\RayTracer\RayTracer\main.cpp(48,30): warning C4244: 'initializing': conversion from 'double' to 'float', possible loss of data
D:\Snowblaze Entertainment\RayTracer\RayTracer\main.cpp(49,59): warning C4244: 'argument': conversion from 'double' to 'float', possible loss of data
D:\Snowblaze Entertainment\RayTracer\RayTracer\main.cpp(49,83): warning C4305: 'argument': truncation from 'double' to 'float'
D:\Snowblaze Entertainment\RayTracer\RayTracer\main.cpp(49,27): warning C4244: 'argument': conversion from 'double' to 'float', possible loss of data
D:\Snowblaze Entertainment\RayTracer\RayTracer\main.cpp(50,16): warning C4305: 'argument': truncation from 'double' to 'float'
D:\Snowblaze Entertainment\RayTracer\RayTracer\main.cpp(54,80): warning C4244: 'argument': conversion from 'double' to 'float', possible loss of data
D:\Snowblaze Entertainment\RayTracer\RayTracer\main.cpp(54,247): warning C4244: 'argument': conversion from 'double' to 'float', possible loss of data
D:\Snowblaze Entertainment\RayTracer\RayTracer\main.cpp(54,212): warning C4244: 'argument': conversion from 'double' to 'float', possible loss of data
D:\Snowblaze Entertainment\RayTracer\RayTracer\main.cpp(54,177): warning C4244: 'argument': conversion from 'double' to 'float', possible loss of data
D:\Snowblaze Entertainment\RayTracer\RayTracer\main.cpp(54,268): warning C4305: 'argument': truncation from 'double' to 'float'
D:\Snowblaze Entertainment\RayTracer\RayTracer\main.cpp(58,134): warning C4244: 'argument': conversion from 'double' to 'float', possible loss of data
D:\Snowblaze Entertainment\RayTracer\RayTracer\main.cpp(58,105): warning C4244: 'argument': conversion from 'double' to 'float', possible loss of data
D:\Snowblaze Entertainment\RayTracer\RayTracer\main.cpp(58,76): warning C4244: 'argument': conversion from 'double' to 'float', possible loss of data
D:\Snowblaze Entertainment\RayTracer\RayTracer\main.cpp(58,164): warning C4244: 'argument': conversion from 'double' to 'float', possible loss of data
D:\Snowblaze Entertainment\RayTracer\RayTracer\main.cpp(58,183): warning C4305: 'argument': truncation from 'double' to 'float'
D:\Snowblaze Entertainment\RayTracer\RayTracer\main.cpp(62,77): warning C4305: 'argument': truncation from 'double' to 'float'
D:\Snowblaze Entertainment\RayTracer\RayTracer\main.cpp(69,103): warning C4305: 'argument': truncation from 'double' to 'float'
D:\Snowblaze Entertainment\RayTracer\RayTracer\main.cpp(70,76): warning C4305: 'argument': truncation from 'double' to 'float'
D:\Snowblaze Entertainment\RayTracer\RayTracer\main.cpp(77,83): warning C4305: 'argument': truncation from 'double' to 'float'
D:\Snowblaze Entertainment\RayTracer\RayTracer\main.cpp(77,126): warning C4305: 'argument': truncation from 'double' to 'float'
  RayTracer.vcxproj -> D:\Snowblaze Entertainment\RayTracer\x64\Debug\RayTracer.exe
