  main.cpp
D:\Snowblaze Entertainment\RayTracer\RayTracer\vec3.h(52,13): warning C4244: 'initializing': conversion from 'double' to 'float', possible loss of data
D:\Snowblaze Entertainment\RayTracer\RayTracer\vec3.h(145,13): warning C4244: 'initializing': conversion from 'double' to 'float', possible loss of data
D:\Snowblaze Entertainment\RayTracer\RayTracer\hittable_list.h(25,36): warning C4244: 'argument': conversion from 'double' to 'float', possible loss of data
D:\Snowblaze Entertainment\RayTracer\RayTracer\camera.h(14,54): warning C4244: 'argument': conversion from 'double' to 'float', possible loss of data
D:\Snowblaze Entertainment\RayTracer\RayTracer\camera.h(14,37): warning C4244: 'argument': conversion from 'double' to 'float', possible loss of data
D:\Snowblaze Entertainment\RayTracer\RayTracer\camera.h(24,32): warning C4244: '=': conversion from 'double' to 'float', possible loss of data
D:\Snowblaze Entertainment\RayTracer\RayTracer\camera.h(25,21): warning C4244: 'initializing': conversion from 'double' to 'float', possible loss of data
D:\Snowblaze Entertainment\RayTracer\RayTracer\camera.h(26,27): warning C4244: 'initializing': conversion from 'double' to 'float', possible loss of data
D:\Snowblaze Entertainment\RayTracer\RayTracer\camera.h(33,39): warning C4244: 'argument': conversion from 'double' to 'const float', possible loss of data
D:\Snowblaze Entertainment\RayTracer\RayTracer\camera.h(34,38): warning C4244: 'argument': conversion from 'double' to 'const float', possible loss of data
D:\Snowblaze Entertainment\RayTracer\RayTracer\material.h(8,14): warning C4244: 'initializing': conversion from 'double' to 'float', possible loss of data
D:\Snowblaze Entertainment\RayTracer\RayTracer\material.h(10,15): warning C4244: 'return': conversion from 'double' to 'float', possible loss of data
D:\Snowblaze Entertainment\RayTracer\RayTracer\material.h(17,24): warning C4244: 'initializing': conversion from 'double' to 'float', possible loss of data
D:\Snowblaze Entertainment\RayTracer\RayTracer\material.h(39,71): warning C4244: 'argument': conversion from 'double' to 'float', possible loss of data
D:\Snowblaze Entertainment\RayTracer\RayTracer\material.h(39,54): warning C4244: 'argument': conversion from 'double' to 'float', possible loss of data
D:\Snowblaze Entertainment\RayTracer\RayTracer\material.h(39,37): warning C4244: 'argument': conversion from 'double' to 'float', possible loss of data
D:\Snowblaze Entertainment\RayTracer\RayTracer\material.h(108,30): warning C4244: '=': conversion from 'double' to 'float', possible loss of data
D:\Snowblaze Entertainment\RayTracer\RayTracer\main.cpp(15,8): warning C4305: 'argument': truncation from 'double' to 'float'
D:\Snowblaze Entertainment\RayTracer\RayTracer\main.cpp(31,17): warning C4244: 'initializing': conversion from 'double' to 'float', possible loss of data
D:\Snowblaze Entertainment\RayTracer\RayTracer\main.cpp(32,21): warning C4244: 'argument': conversion from 'double' to 'const float', possible loss of data
D:\Snowblaze Entertainment\RayTracer\RayTracer\main.cpp(32,72): warning C4305: 'argument': truncation from 'double' to 'float'
D:\Snowblaze Entertainment\RayTracer\RayTracer\main.cpp(46,30): warning C4244: 'initializing': conversion from 'double' to 'float', possible loss of data
D:\Snowblaze Entertainment\RayTracer\RayTracer\main.cpp(47,59): warning C4244: 'argument': conversion from 'double' to 'float', possible loss of data
D:\Snowblaze Entertainment\RayTracer\RayTracer\main.cpp(47,83): warning C4305: 'argument': truncation from 'double' to 'float'
D:\Snowblaze Entertainment\RayTracer\RayTracer\main.cpp(47,27): warning C4244: 'argument': conversion from 'double' to 'float', possible loss of data
D:\Snowblaze Entertainment\RayTracer\RayTracer\main.cpp(48,16): warning C4305: 'argument': truncation from 'double' to 'float'
D:\Snowblaze Entertainment\RayTracer\RayTracer\main.cpp(52,163): warning C4244: 'argument': conversion from 'double' to 'float', possible loss of data
D:\Snowblaze Entertainment\RayTracer\RayTracer\main.cpp(52,128): warning C4244: 'argument': conversion from 'double' to 'float', possible loss of data
D:\Snowblaze Entertainment\RayTracer\RayTracer\main.cpp(52,93): warning C4244: 'argument': conversion from 'double' to 'float', possible loss of data
D:\Snowblaze Entertainment\RayTracer\RayTracer\main.cpp(52,183): warning C4305: 'argument': truncation from 'double' to 'float'
D:\Snowblaze Entertainment\RayTracer\RayTracer\main.cpp(56,134): warning C4244: 'argument': conversion from 'double' to 'float', possible loss of data
D:\Snowblaze Entertainment\RayTracer\RayTracer\main.cpp(56,105): warning C4244: 'argument': conversion from 'double' to 'float', possible loss of data
D:\Snowblaze Entertainment\RayTracer\RayTracer\main.cpp(56,76): warning C4244: 'argument': conversion from 'double' to 'float', possible loss of data
D:\Snowblaze Entertainment\RayTracer\RayTracer\main.cpp(56,164): warning C4244: 'argument': conversion from 'double' to 'float', possible loss of data
D:\Snowblaze Entertainment\RayTracer\RayTracer\main.cpp(56,183): warning C4305: 'argument': truncation from 'double' to 'float'
D:\Snowblaze Entertainment\RayTracer\RayTracer\main.cpp(60,77): warning C4305: 'argument': truncation from 'double' to 'float'
D:\Snowblaze Entertainment\RayTracer\RayTracer\main.cpp(67,82): warning C4305: 'argument': truncation from 'double' to 'float'
D:\Snowblaze Entertainment\RayTracer\RayTracer\main.cpp(68,76): warning C4305: 'argument': truncation from 'double' to 'float'
D:\Snowblaze Entertainment\RayTracer\RayTracer\main.cpp(90,29): warning C4305: 'initializing': truncation from 'double' to 'float'
  RayTracer.vcxproj -> D:\Snowblaze Entertainment\RayTracer\Debug\RayTracer.exe
